Building DAG of jobs...
Using shell: /usr/bin/bash
Provided cores: 1 (use --cores to define parallelism)
Rules claiming more threads will be scaled down.
Job counts:
	count	jobs
	1	all
	1	differential_expression
	1	integrate_samples
	4	preprocess_sample
	7

[Tue Nov  5 00:04:21 2024]
rule preprocess_sample:
    input: data/SCD2/matrix.mtx, data/SCD2/features.tsv, data/SCD2/barcodes.tsv
    output: results/SCD2/processed_seurat_object.rds
    jobid: 6
    wildcards: sample=SCD2

[Tue Nov  5 00:04:25 2024]
Error in rule preprocess_sample:
    jobid: 6
    output: results/SCD2/processed_seurat_object.rds

RuleException:
CalledProcessError in line 17 of /home/utilisateur/Bureau/single_cell_DEG/Snakefile:
Command 'set -euo pipefail;  Rscript --vanilla /home/utilisateur/Bureau/single_cell_DEG/.snakemake/scripts/tmp9pvnt5e_.preprocess_sample.R' returned non-zero exit status 1.
  File "/home/utilisateur/Bureau/single_cell_DEG/Snakefile", line 17, in __rule_preprocess_sample
  File "/usr/lib/python3.8/concurrent/futures/thread.py", line 57, in run
Shutting down, this might take some time.
Exiting because a job execution failed. Look above for error message
Complete log: /home/utilisateur/Bureau/single_cell_DEG/.snakemake/log/2024-11-05T000421.059002.snakemake.log
