Building DAG of jobs...
Using shell: /usr/bin/bash
Provided cores: 8
Rules claiming more threads will be scaled down.
Job counts:
	count	jobs
	1	all
	1	differential_expression
	4	quality_control
	6

[Sun Nov 10 17:21:50 2024]
rule quality_control:
    input: /home/utilisateur/Bureau/single_cell_DEG/data
    output: /home/utilisateur/Bureau/single_cell_DEG/results/NML1_seurat_object.rds
    jobid: 2
    wildcards: output_dir=/home/utilisateur/Bureau/single_cell_DEG/results, sample=NML1


[Sun Nov 10 17:21:50 2024]
rule quality_control:
    input: /home/utilisateur/Bureau/single_cell_DEG/data
    output: /home/utilisateur/Bureau/single_cell_DEG/results/SCD1_seurat_object.rds
    jobid: 3
    wildcards: output_dir=/home/utilisateur/Bureau/single_cell_DEG/results, sample=SCD1


[Sun Nov 10 17:21:50 2024]
rule quality_control:
    input: /home/utilisateur/Bureau/single_cell_DEG/data
    output: /home/utilisateur/Bureau/single_cell_DEG/results/NML2_seurat_object.rds
    jobid: 5
    wildcards: output_dir=/home/utilisateur/Bureau/single_cell_DEG/results, sample=NML2


[Sun Nov 10 17:21:50 2024]
rule quality_control:
    input: /home/utilisateur/Bureau/single_cell_DEG/data
    output: /home/utilisateur/Bureau/single_cell_DEG/results/SCD2_seurat_object.rds
    jobid: 4
    wildcards: output_dir=/home/utilisateur/Bureau/single_cell_DEG/results, sample=SCD2

[Sun Nov 10 17:25:09 2024]
Finished job 3.
1 of 6 steps (17%) done
[Sun Nov 10 17:25:13 2024]
Finished job 2.
2 of 6 steps (33%) done
[Sun Nov 10 17:25:14 2024]
Finished job 4.
3 of 6 steps (50%) done
[Sun Nov 10 17:25:16 2024]
Finished job 5.
4 of 6 steps (67%) done

[Sun Nov 10 17:25:16 2024]
rule differential_expression:
    input: /home/utilisateur/Bureau/single_cell_DEG/results/NML1_seurat_object.rds, /home/utilisateur/Bureau/single_cell_DEG/results/SCD1_seurat_object.rds, /home/utilisateur/Bureau/single_cell_DEG/results/SCD2_seurat_object.rds, /home/utilisateur/Bureau/single_cell_DEG/results/NML2_seurat_object.rds
    output: /home/utilisateur/Bureau/single_cell_DEG/results/DE_results.csv, /home/utilisateur/Bureau/single_cell_DEG/results/volcano_plot.png, /home/utilisateur/Bureau/single_cell_DEG/results/PCA_plot.png
    jobid: 1

Waiting at most 1300 seconds for missing files.
MissingOutputException in line 44 of /home/utilisateur/Bureau/single_cell_DEG/Snakefile:
Missing files after 1300 seconds:
/home/utilisateur/Bureau/single_cell_DEG/results/DE_results.csv
This might be due to filesystem latency. If that is the case, consider to increase the wait time with --latency-wait.
Removing output files of failed job differential_expression since they might be corrupted:
/home/utilisateur/Bureau/single_cell_DEG/results/volcano_plot.png, /home/utilisateur/Bureau/single_cell_DEG/results/PCA_plot.png
Shutting down, this might take some time.
Exiting because a job execution failed. Look above for error message
Complete log: /home/utilisateur/Bureau/single_cell_DEG/.snakemake/log/2024-11-10T172150.323483.snakemake.log
