Building DAG of jobs...
Using shell: /usr/bin/bash
Provided cores: 2
Rules claiming more threads will be scaled down.
Job counts:
	count	jobs
	1	all
	1	differential_expression
	5	quality_control
	7

[Sat Nov  9 09:16:21 2024]
rule quality_control:
    input: /home/utilisateur/Bureau/sc_RNA_seq_data_preprocessing/data
    output: /home/utilisateur/Bureau/single_cell_DEG/results/SCD2_seurat_object.rds
    jobid: 5
    wildcards: output_dir=/home/utilisateur/Bureau/single_cell_DEG/results, sample=SCD2

[Sat Nov  9 09:16:21 2024]
rule quality_control:
    input: /home/utilisateur/Bureau/sc_RNA_seq_data_preprocessing/data
    output: /home/utilisateur/Bureau/single_cell_DEG/results/SCD1_seurat_object.rds
    jobid: 3
    wildcards: output_dir=/home/utilisateur/Bureau/single_cell_DEG/results, sample=SCD1

[Sat Nov  9 09:16:28 2024]
Error in rule quality_control:
    jobid: 3
    output: /home/utilisateur/Bureau/single_cell_DEG/results/SCD1_seurat_object.rds

RuleException:
CalledProcessError in line 33 of /home/utilisateur/Bureau/single_cell_DEG/Snakefile:
Command 'set -euo pipefail;  Rscript --vanilla /home/utilisateur/Bureau/single_cell_DEG/.snakemake/scripts/tmp34xggf2b.quality_control_and_preprocessing.R' returned non-zero exit status 1.
  File "/home/utilisateur/Bureau/single_cell_DEG/Snakefile", line 33, in __rule_quality_control
  File "/usr/lib/python3.8/concurrent/futures/thread.py", line 57, in run
[Sat Nov  9 09:16:28 2024]
Error in rule quality_control:
    jobid: 5
    output: /home/utilisateur/Bureau/single_cell_DEG/results/SCD2_seurat_object.rds

RuleException:
CalledProcessError in line 33 of /home/utilisateur/Bureau/single_cell_DEG/Snakefile:
Command 'set -euo pipefail;  Rscript --vanilla /home/utilisateur/Bureau/single_cell_DEG/.snakemake/scripts/tmpkrttwp6m.quality_control_and_preprocessing.R' returned non-zero exit status 1.
  File "/home/utilisateur/Bureau/single_cell_DEG/Snakefile", line 33, in __rule_quality_control
  File "/usr/lib/python3.8/concurrent/futures/thread.py", line 57, in run
Shutting down, this might take some time.
Exiting because a job execution failed. Look above for error message
Complete log: /home/utilisateur/Bureau/single_cell_DEG/.snakemake/log/2024-11-09T091621.342199.snakemake.log
