Building DAG of jobs...
Using shell: /usr/bin/bash
Provided cores: 2
Rules claiming more threads will be scaled down.
Job counts:
	count	jobs
	1	all
	1	differential_expression
	4	quality_control
	6

[Sat Nov  9 09:37:33 2024]
rule quality_control:
    input: /home/utilisateur/Bureau/single_cell_DEG/data
    output: /home/utilisateur/Bureau/single_cell_DEG/results/NML2_seurat_object.rds
    jobid: 5
    wildcards: output_dir=/home/utilisateur/Bureau/single_cell_DEG/results, sample=NML2

[Sat Nov  9 09:37:33 2024]
rule quality_control:
    input: /home/utilisateur/Bureau/single_cell_DEG/data
    output: /home/utilisateur/Bureau/single_cell_DEG/results/SCD1_seurat_object.rds
    jobid: 3
    wildcards: output_dir=/home/utilisateur/Bureau/single_cell_DEG/results, sample=SCD1

Waiting at most 30 seconds for missing files.
MissingOutputException in line 25 of /home/utilisateur/Bureau/single_cell_DEG/Snakefile:
Missing files after 30 seconds:
/home/utilisateur/Bureau/single_cell_DEG/results/NML2_seurat_object.rds
This might be due to filesystem latency. If that is the case, consider to increase the wait time with --latency-wait.
Waiting at most 30 seconds for missing files.
MissingOutputException in line 25 of /home/utilisateur/Bureau/single_cell_DEG/Snakefile:
Missing files after 30 seconds:
/home/utilisateur/Bureau/single_cell_DEG/results/SCD1_seurat_object.rds
This might be due to filesystem latency. If that is the case, consider to increase the wait time with --latency-wait.
Shutting down, this might take some time.
Exiting because a job execution failed. Look above for error message
Complete log: /home/utilisateur/Bureau/single_cell_DEG/.snakemake/log/2024-11-09T093733.946253.snakemake.log
