Building DAG of jobs...
Using shell: /usr/bin/bash
Provided cores: 8
Rules claiming more threads will be scaled down.
Job counts:
	count	jobs
	1	all
	1	differential_expression
	2

[Sun Nov 10 14:51:41 2024]
rule differential_expression:
    input: /home/utilisateur/Bureau/single_cell_DEG/results/NML1_seurat_object.rds, /home/utilisateur/Bureau/single_cell_DEG/results/SCD1_seurat_object.rds, /home/utilisateur/Bureau/single_cell_DEG/results/SCD2_seurat_object.rds, /home/utilisateur/Bureau/single_cell_DEG/results/NML2_seurat_object.rds
    output: /home/utilisateur/Bureau/single_cell_DEG/results/DE_results.csv, /home/utilisateur/Bureau/single_cell_DEG/results/volcano_plot.png, /home/utilisateur/Bureau/single_cell_DEG/results/PCA_plot.png
    jobid: 1

Terminating processes on user request, this might take some time.
[Sun Nov 10 15:02:58 2024]
Error in rule differential_expression:
    jobid: 1
    output: /home/utilisateur/Bureau/single_cell_DEG/results/DE_results.csv, /home/utilisateur/Bureau/single_cell_DEG/results/volcano_plot.png, /home/utilisateur/Bureau/single_cell_DEG/results/PCA_plot.png
    shell:
        
        Rscript --vanilla scripts/differential_expression_analysis.R /home/utilisateur/Bureau/single_cell_DEG/results/NML1_seurat_object.rds /home/utilisateur/Bureau/single_cell_DEG/results/SCD1_seurat_object.rds /home/utilisateur/Bureau/single_cell_DEG/results/SCD2_seurat_object.rds /home/utilisateur/Bureau/single_cell_DEG/results/NML2_seurat_object.rds /home/utilisateur/Bureau/single_cell_DEG/results 
        
        (one of the commands exited with non-zero exit code; note that snakemake uses bash strict mode!)

Removing output files of failed job differential_expression since they might be corrupted:
/home/utilisateur/Bureau/single_cell_DEG/results/PCA_plot.png
Complete log: /home/utilisateur/Bureau/single_cell_DEG/.snakemake/log/2024-11-10T145141.620558.snakemake.log
